# JRE version: Java(TM) SE Runtime Environment (7.0_40-b43) (build 1.7.0_40-b43)
# Java VM: Java HotSpot(TM) 64-Bit Server VM (24.0-b56 mixed mode linux-amd64 compressed oops)
Heap
 PSYoungGen      total 28672K, used 23163K [0x00000000e0e80000, 0x00000000e2e00000, 0x0000000100000000)
  eden space 25088K, 78% used [0x00000000e0e80000,0x00000000e21a0ee8,0x00000000e2700000)
  from space 3584K, 99% used [0x00000000e2a80000,0x00000000e2dfdd98,0x00000000e2e00000)
  to   space 3584K, 0% used [0x00000000e2700000,0x00000000e2700000,0x00000000e2a80000)
 ParOldGen       total 63488K, used 2614K [0x00000000a2c00000, 0x00000000a6a00000, 0x00000000e0e80000)
  object space 63488K, 4% used [0x00000000a2c00000,0x00000000a2e8db90,0x00000000a6a00000)
 PSPermGen       total 21504K, used 18358K [0x000000009da00000, 0x000000009ef00000, 0x00000000a2c00000)
  object space 21504K, 85% used [0x000000009da00000,0x000000009ebed9c8,0x000000009ef00000)
GC Heap History (4 events):
Event: 2.813 GC heap before
{Heap before GC invocations=1 (full 0):
 PSYoungGen      total 28672K, used 25088K [0x00000000e0e80000, 0x00000000e2e00000, 0x0000000100000000)
  eden space 25088K, 100% used [0x00000000e0e80000,0x00000000e2700000,0x00000000e2700000)
  from space 3584K, 0% used [0x00000000e2a80000,0x00000000e2a80000,0x00000000e2e00000)
  to   space 3584K, 0% used [0x00000000e2700000,0x00000000e2700000,0x00000000e2a80000)
 ParOldGen       total 63488K, used 0K [0x00000000a2c00000, 0x00000000a6a00000, 0x00000000e0e80000)
  object space 63488K, 0% used [0x00000000a2c00000,0x00000000a2c00000,0x00000000a6a00000)
 PSPermGen       total 21504K, used 8529K [0x000000009da00000, 0x000000009ef00000, 0x00000000a2c00000)
  object space 21504K, 39% used [0x000000009da00000,0x000000009e254580,0x000000009ef00000)
Event: 2.818 GC heap after
Heap after GC invocations=1 (full 0):
 PSYoungGen      total 28672K, used 2412K [0x00000000e0e80000, 0x00000000e2e00000, 0x0000000100000000)
  eden space 25088K, 0% used [0x00000000e0e80000,0x00000000e0e80000,0x00000000e2700000)
  from space 3584K, 67% used [0x00000000e2700000,0x00000000e295b030,0x00000000e2a80000)
  to   space 3584K, 0% used [0x00000000e2a80000,0x00000000e2a80000,0x00000000e2e00000)
 ParOldGen       total 63488K, used 8K [0x00000000a2c00000, 0x00000000a6a00000, 0x00000000e0e80000)
  object space 63488K, 0% used [0x00000000a2c00000,0x00000000a2c02000,0x00000000a6a00000)
 PSPermGen       total 21504K, used 8529K [0x000000009da00000, 0x000000009ef00000, 0x00000000a2c00000)
  object space 21504K, 39% used [0x000000009da00000,0x000000009e254580,0x000000009ef00000)
}
Event: 118.875 GC heap before
{Heap before GC invocations=2 (full 0):
 PSYoungGen      total 28672K, used 27500K [0x00000000e0e80000, 0x00000000e2e00000, 0x0000000100000000)
  eden space 25088K, 100% used [0x00000000e0e80000,0x00000000e2700000,0x00000000e2700000)
  from space 3584K, 67% used [0x00000000e2700000,0x00000000e295b030,0x00000000e2a80000)
  to   space 3584K, 0% used [0x00000000e2a80000,0x00000000e2a80000,0x00000000e2e00000)
 ParOldGen       total 63488K, used 8K [0x00000000a2c00000, 0x00000000a6a00000, 0x00000000e0e80000)
  object space 63488K, 0% used [0x00000000a2c00000,0x00000000a2c02000,0x00000000a6a00000)
 PSPermGen       total 21504K, used 15620K [0x000000009da00000, 0x000000009ef00000, 0x00000000a2c00000)
  object space 21504K, 72% used [0x000000009da00000,0x000000009e9410f0,0x000000009ef00000)
Event: 118.884 GC heap after
Heap after GC invocations=2 (full 0):
 PSYoungGen      total 28672K, used 3575K [0x00000000e0e80000, 0x00000000e2e00000, 0x0000000100000000)
  eden space 25088K, 0% used [0x00000000e0e80000,0x00000000e0e80000,0x00000000e2700000)
  from space 3584K, 99% used [0x00000000e2a80000,0x00000000e2dfdd98,0x00000000e2e00000)
  to   space 3584K, 0% used [0x00000000e2700000,0x00000000e2700000,0x00000000e2a80000)
 ParOldGen       total 63488K, used 2614K [0x00000000a2c00000, 0x00000000a6a00000, 0x00000000e0e80000)
  object space 63488K, 4% used [0x00000000a2c00000,0x00000000a2e8db90,0x00000000a6a00000)
 PSPermGen       total 21504K, used 15620K [0x000000009da00000, 0x000000009ef00000, 0x00000000a2c00000)
  object space 21504K, 72% used [0x000000009da00000,0x000000009e9410f0,0x000000009ef00000)
}

